c:\users\pabgarcia\documents\pablo\uni_otimizacao_01_v04\uni_otimizacao_01_v04\release\uni_otimizacao_01_v04.pch.codeanalysis
c:\users\pabgarcia\documents\pablo\uni_otimizacao_01_v04\uni_otimizacao_01_v04\release\vc140.pdb
c:\users\pabgarcia\documents\pablo\uni_otimizacao_01_v04\uni_otimizacao_01_v04\release\uni_otimizacao_01_v04.pch.codeanalysisast
c:\users\pabgarcia\documents\pablo\uni_otimizacao_01_v04\uni_otimizacao_01_v04\release\stdafx.nativecodeanalysis.xml
c:\users\pabgarcia\documents\pablo\uni_otimizacao_01_v04\uni_otimizacao_01_v04\release\stdafx.obj
c:\users\pabgarcia\documents\pablo\uni_otimizacao_01_v04\uni_otimizacao_01_v04\release\uni_otimizacao_01_v04.nativecodeanalysis.xml
c:\users\pabgarcia\documents\pablo\uni_otimizacao_01_v04\uni_otimizacao_01_v04\release\uni_otimizacao_01_v04.obj
c:\users\pabgarcia\documents\pablo\uni_otimizacao_01_v04\release\uni_otimizacao_01_v04.exe
c:\users\pabgarcia\documents\pablo\uni_otimizacao_01_v04\release\uni_otimizacao_01_v04.ipdb
c:\users\pabgarcia\documents\pablo\uni_otimizacao_01_v04\release\uni_otimizacao_01_v04.iobj
c:\users\pabgarcia\documents\pablo\uni_otimizacao_01_v04\release\uni_otimizacao_01_v04.pdb
c:\users\pabgarcia\documents\pablo\uni_otimizacao_01_v04\uni_otimizacao_01_v04\release\nativecodeanalysis.read.1.tlog
c:\users\pabgarcia\documents\pablo\uni_otimizacao_01_v04\uni_otimizacao_01_v04\release\vc.nativecodeanalysis.all.xml
c:\users\pabgarcia\documents\pablo\uni_otimizacao_01_v04\release\uni_otimizacao_01_v04.exe.lastcodeanalysissucceeded
c:\users\pabgarcia\documents\pablo\uni_otimizacao_01_v04\uni_otimizacao_01_v04\release\uni_otim.f89b4365.tlog\cl.command.1.tlog
c:\users\pabgarcia\documents\pablo\uni_otimizacao_01_v04\uni_otimizacao_01_v04\release\uni_otim.f89b4365.tlog\cl.read.1.tlog
c:\users\pabgarcia\documents\pablo\uni_otimizacao_01_v04\uni_otimizacao_01_v04\release\uni_otim.f89b4365.tlog\cl.write.1.tlog
c:\users\pabgarcia\documents\pablo\uni_otimizacao_01_v04\uni_otimizacao_01_v04\release\uni_otim.f89b4365.tlog\link.command.1.tlog
c:\users\pabgarcia\documents\pablo\uni_otimizacao_01_v04\uni_otimizacao_01_v04\release\uni_otim.f89b4365.tlog\link.read.1.tlog
c:\users\pabgarcia\documents\pablo\uni_otimizacao_01_v04\uni_otimizacao_01_v04\release\uni_otim.f89b4365.tlog\link.write.1.tlog
